# List of domains to which access from Russia is prohibited or restricted 
monotypefonts.com
myfonts.com
snbforums.com
community.cisco.com
badoo.com
spotify.com
bumble.com
airbnb.com
splunk.com
netflix.com
api.themoviedb.org
image.tmdb.org
thwack.solarwinds.com
whatismybrowser.com
redis.com
resp.app
bthub.io
clamav.net
intel.com
stackify.com
securitytrails.com
virtuozzo.com
setapp.com
vyos.io
adafruit.com
analog.com
maximintegrated.com
nxp.com
centr.org
vpnunlimited.com
tvideocardz.com
skysilk.com
dell.com
download.lenovo.com
crunchbase.com
templatemonster.com
smartbear.com
wunderground.com
jsfiddle.net
weather.com
mogenius.com
mattermost.com
qualcomm.com
